Determining if the pthread_create exist failed with the following output:
Change Dir: /home/kehan/focus_ws/src/tfmini_driver/cmake-build-debug/CMakeFiles/CMakeTmp

Run Build Command(s):/usr/bin/make cmTC_84882/fast 
/usr/bin/make -f CMakeFiles/cmTC_84882.dir/build.make CMakeFiles/cmTC_84882.dir/build
make[1]: Entering directory '/home/kehan/focus_ws/src/tfmini_driver/cmake-build-debug/CMakeFiles/CMakeTmp'
Building C object CMakeFiles/cmTC_84882.dir/CheckSymbolExists.c.o
/usr/bin/cc    -o CMakeFiles/cmTC_84882.dir/CheckSymbolExists.c.o   -c /home/kehan/focus_ws/src/tfmini_driver/cmake-build-debug/CMakeFiles/CMakeTmp/CheckSymbolExists.c
Linking C executable cmTC_84882
/home/kehan/clion-2018.2.6/bin/cmake/linux/bin/cmake -E cmake_link_script CMakeFiles/cmTC_84882.dir/link.txt --verbose=1
/usr/bin/cc      -rdynamic CMakeFiles/cmTC_84882.dir/CheckSymbolExists.c.o  -o cmTC_84882 
CMakeFiles/cmTC_84882.dir/CheckSymbolExists.c.o: In function `main':
CheckSymbolExists.c:(.text+0x16): undefined reference to `pthread_create'
collect2: error: ld returned 1 exit status
CMakeFiles/cmTC_84882.dir/build.make:86: recipe for target 'cmTC_84882' failed
make[1]: *** [cmTC_84882] Error 1
make[1]: Leaving directory '/home/kehan/focus_ws/src/tfmini_driver/cmake-build-debug/CMakeFiles/CMakeTmp'
Makefile:121: recipe for target 'cmTC_84882/fast' failed
make: *** [cmTC_84882/fast] Error 2

File /home/kehan/focus_ws/src/tfmini_driver/cmake-build-debug/CMakeFiles/CMakeTmp/CheckSymbolExists.c:
/* */
#include <pthread.h>

int main(int argc, char** argv)
{
  (void)argv;
#ifndef pthread_create
  return ((int*)(&pthread_create))[argc];
#else
  (void)argc;
  return 0;
#endif
}

Determining if the function pthread_create exists in the pthreads failed with the following output:
Change Dir: /home/kehan/focus_ws/src/tfmini_driver/cmake-build-debug/CMakeFiles/CMakeTmp

Run Build Command(s):/usr/bin/make cmTC_a9317/fast 
/usr/bin/make -f CMakeFiles/cmTC_a9317.dir/build.make CMakeFiles/cmTC_a9317.dir/build
make[1]: Entering directory '/home/kehan/focus_ws/src/tfmini_driver/cmake-build-debug/CMakeFiles/CMakeTmp'
Building C object CMakeFiles/cmTC_a9317.dir/CheckFunctionExists.c.o
/usr/bin/cc   -DCHECK_FUNCTION_EXISTS=pthread_create   -o CMakeFiles/cmTC_a9317.dir/CheckFunctionExists.c.o   -c /home/kehan/clion-2018.2.6/bin/cmake/linux/share/cmake-3.14/Modules/CheckFunctionExists.c
Linking C executable cmTC_a9317
/home/kehan/clion-2018.2.6/bin/cmake/linux/bin/cmake -E cmake_link_script CMakeFiles/cmTC_a9317.dir/link.txt --verbose=1
/usr/bin/cc  -DCHECK_FUNCTION_EXISTS=pthread_create    -rdynamic CMakeFiles/cmTC_a9317.dir/CheckFunctionExists.c.o  -o cmTC_a9317 -lpthreads 
/usr/bin/ld: cannot find -lpthreads
collect2: error: ld returned 1 exit status
CMakeFiles/cmTC_a9317.dir/build.make:86: recipe for target 'cmTC_a9317' failed
make[1]: *** [cmTC_a9317] Error 1
make[1]: Leaving directory '/home/kehan/focus_ws/src/tfmini_driver/cmake-build-debug/CMakeFiles/CMakeTmp'
Makefile:121: recipe for target 'cmTC_a9317/fast' failed
make: *** [cmTC_a9317/fast] Error 2


